VRcardgame/Temp/gradleOut/launcher/build/intermediates/manifest_merge_blame_file/debug/manifest-merger-blame-debug-report.txt
1<?xml version="1.0" encoding="utf-8"?>
2<!-- GENERATED BY UNITY. REMOVE THIS COMMENT TO PREVENT OVERWRITING WHEN EXPORTING AGAIN -->
3<manifest xmlns:android="http://schemas.android.com/apk/res/android"
4    package="com.DefaultCompany.VRcardgame"
5    android:installLocation="auto"
6    android:versionCode="1"
7    android:versionName="0.1" >
8
9    <uses-sdk
10        android:minSdkVersion="23"
10-->src/main/AndroidManifest.xml
11        android:targetSdkVersion="29" />
11-->src/main/AndroidManifest.xml
12
13    <supports-screens
13-->src/main/AndroidManifest.xml:4:3-163
14        android:anyDensity="true"
14-->src/main/AndroidManifest.xml:4:135-160
15        android:largeScreens="true"
15-->src/main/AndroidManifest.xml:4:78-105
16        android:normalScreens="true"
16-->src/main/AndroidManifest.xml:4:49-77
17        android:smallScreens="true"
17-->src/main/AndroidManifest.xml:4:21-48
18        android:xlargeScreens="true" />
18-->src/main/AndroidManifest.xml:4:106-134
19
20    <uses-feature android:glEsVersion="0x00030000" />
20-->[:unityLibrary] AndroidManifest.xml:14:5-54
20-->[:unityLibrary] AndroidManifest.xml:14:19-51
21
22    <supports-gl-texture android:name="GL_KHR_texture_compression_astc_ldr" />
22-->[:unityLibrary] AndroidManifest.xml:16:5-79
22-->[:unityLibrary] AndroidManifest.xml:16:26-76
23
24    <uses-permission android:name="android.permission.INTERNET" />
24-->[:unityLibrary] AndroidManifest.xml:18:5-67
24-->[:unityLibrary] AndroidManifest.xml:18:22-64
25    <uses-permission android:name="android.permission.RECORD_AUDIO" />
25-->[:unityLibrary] AndroidManifest.xml:19:5-71
25-->[:unityLibrary] AndroidManifest.xml:19:22-68
26    <uses-permission android:name="android.permission.MODIFY_AUDIO_SETTINGS" />
26-->[:unityLibrary] AndroidManifest.xml:20:5-80
26-->[:unityLibrary] AndroidManifest.xml:20:22-77
27
28    <uses-feature
28-->[:unityLibrary] AndroidManifest.xml:22:5-24:36
29        android:name="android.hardware.microphone"
29-->[:unityLibrary] AndroidManifest.xml:23:9-51
30        android:required="false" />
30-->[:unityLibrary] AndroidManifest.xml:24:9-33
31    <uses-feature
31-->[:unityLibrary] AndroidManifest.xml:25:5-27:36
32        android:name="android.hardware.touchscreen"
32-->[:unityLibrary] AndroidManifest.xml:26:9-52
33        android:required="false" />
33-->[:unityLibrary] AndroidManifest.xml:27:9-33
34    <uses-feature
34-->[:unityLibrary] AndroidManifest.xml:28:5-30:36
35        android:name="android.hardware.touchscreen.multitouch"
35-->[:unityLibrary] AndroidManifest.xml:29:9-63
36        android:required="false" />
36-->[:unityLibrary] AndroidManifest.xml:30:9-33
37    <uses-feature
37-->[:unityLibrary] AndroidManifest.xml:31:5-33:36
38        android:name="android.hardware.touchscreen.multitouch.distinct"
38-->[:unityLibrary] AndroidManifest.xml:32:9-72
39        android:required="false" />
39-->[:unityLibrary] AndroidManifest.xml:33:9-33
40    <uses-feature
40-->[:unityLibrary] AndroidManifest.xml:34:5-37:31
41        android:name="android.hardware.vr.headtracking"
41-->[:unityLibrary] AndroidManifest.xml:35:9-56
42        android:required="true"
42-->[:unityLibrary] AndroidManifest.xml:36:9-32
43        android:version="1" />
43-->[:unityLibrary] AndroidManifest.xml:37:9-28
44
45    <application
45-->src/main/AndroidManifest.xml:5:3-116
46        android:allowBackup="false"
46-->[:unityLibrary] AndroidManifest.xml:40:9-36
47        android:debuggable="true"
48        android:extractNativeLibs="true"
48-->src/main/AndroidManifest.xml:5:16-48
49        android:icon="@mipmap/app_icon"
49-->src/main/AndroidManifest.xml:5:82-113
50        android:label="@string/app_name"
50-->src/main/AndroidManifest.xml:5:49-81
51        android:networkSecurityConfig="@xml/network_sec_config" >
51-->[:unityLibrary] AndroidManifest.xml:43:9-64
52        <activity
52-->[:unityLibrary] AndroidManifest.xml:44:9-67:20
53            android:name="com.unity3d.player.UnityPlayerActivity"
53-->[:unityLibrary] AndroidManifest.xml:45:13-66
54            android:configChanges="keyboard|keyboardHidden|navigation|orientation|screenLayout|screenSize|uiMode"
54-->[:unityLibrary] AndroidManifest.xml:46:13-114
55            android:hardwareAccelerated="false"
55-->[:unityLibrary] AndroidManifest.xml:47:13-48
56            android:launchMode="singleTask"
56-->[:unityLibrary] AndroidManifest.xml:48:13-44
57            android:screenOrientation="landscape"
57-->[:unityLibrary] AndroidManifest.xml:49:13-50
58            android:theme="@android:style/Theme.Black.NoTitleBar.Fullscreen" >
58-->[:unityLibrary] AndroidManifest.xml:50:13-77
59            <intent-filter>
59-->[:unityLibrary] AndroidManifest.xml:51:13-56:29
60                <action android:name="android.intent.action.MAIN" />
60-->[:unityLibrary] AndroidManifest.xml:52:17-69
60-->[:unityLibrary] AndroidManifest.xml:52:25-66
61
62                <category android:name="com.oculus.intent.category.VR" />
62-->[:unityLibrary] AndroidManifest.xml:54:17-74
62-->[:unityLibrary] AndroidManifest.xml:54:27-71
63                <category android:name="android.intent.category.INFO" />
63-->[:unityLibrary] AndroidManifest.xml:55:17-73
63-->[:unityLibrary] AndroidManifest.xml:55:27-70
64            </intent-filter>
65
66            <meta-data
66-->[:unityLibrary] AndroidManifest.xml:58:13-60:40
67                android:name="unityplayer.UnityActivity"
67-->[:unityLibrary] AndroidManifest.xml:59:17-57
68                android:value="true" />
68-->[:unityLibrary] AndroidManifest.xml:60:17-37
69            <meta-data
69-->[:unityLibrary] AndroidManifest.xml:61:13-63:40
70                android:name="android.notch_support"
70-->[:unityLibrary] AndroidManifest.xml:62:17-53
71                android:value="true" />
71-->[:unityLibrary] AndroidManifest.xml:63:17-37
72            <meta-data
72-->[:unityLibrary] AndroidManifest.xml:64:13-66:40
73                android:name="com.oculus.vr.focusaware"
73-->[:unityLibrary] AndroidManifest.xml:65:17-56
74                android:value="true" />
74-->[:unityLibrary] AndroidManifest.xml:66:17-37
75        </activity>
76
77        <meta-data
77-->[:unityLibrary] AndroidManifest.xml:69:9-71:33
78            android:name="unity.splash-mode"
78-->[:unityLibrary] AndroidManifest.xml:70:13-45
79            android:value="0" />
79-->[:unityLibrary] AndroidManifest.xml:71:13-30
80        <meta-data
80-->[:unityLibrary] AndroidManifest.xml:72:9-74:36
81            android:name="unity.splash-enable"
81-->[:unityLibrary] AndroidManifest.xml:73:13-47
82            android:value="True" />
82-->[:unityLibrary] AndroidManifest.xml:74:13-33
83        <meta-data
83-->[:unityLibrary] AndroidManifest.xml:75:9-77:50
84            android:name="notch.config"
84-->[:unityLibrary] AndroidManifest.xml:76:13-40
85            android:value="portrait|landscape" />
85-->[:unityLibrary] AndroidManifest.xml:77:13-47
86        <meta-data
86-->[:unityLibrary] AndroidManifest.xml:78:9-80:68
87            android:name="unity.build-id"
87-->[:unityLibrary] AndroidManifest.xml:79:13-42
88            android:value="fa25e677-552f-4200-81f6-391034cd51c3" />
88-->[:unityLibrary] AndroidManifest.xml:80:13-65
89        <meta-data
89-->[:unityLibrary] AndroidManifest.xml:81:9-83:39
90            android:name="com.samsung.android.vr.application.mode"
90-->[:unityLibrary] AndroidManifest.xml:82:13-67
91            android:value="vr_only" />
91-->[:unityLibrary] AndroidManifest.xml:83:13-36
92        <meta-data
92-->[:unityLibrary] AndroidManifest.xml:84:9-86:37
93            android:name="com.unity.xr.oculus.LowOverheadMode"
93-->[:unityLibrary] AndroidManifest.xml:85:13-63
94            android:value="false" />
94-->[:unityLibrary] AndroidManifest.xml:86:13-34
95        <meta-data
95-->[:unityLibrary] AndroidManifest.xml:87:9-89:44
96            android:name="com.oculus.supportedDevices"
96-->[:unityLibrary] AndroidManifest.xml:88:13-55
97            android:value="quest|delmar" />
97-->[:unityLibrary] AndroidManifest.xml:89:13-41
98    </application>
99
100</manifest>